*DISPLACEMENTS
1 0 0
2 2.94972243598e-05 0
3 7.73640540325e-05 0
4 0.000125230993987 0
5 0 0
6 0.000319523311789 -0.000167136053512
7 0.00029618347996 -0.000318642669824
8 0.0004275725656 -0.000131389102187
9 0.000660795426238 -0.000828752717057

*ELEMENT_STRAINS
1 3.80968145693e-05
2 1.47486121799e-05
3 -8.35680267562e-05
4 2.39334148364e-05
5 -1.29891035558e-05
6 -0.000159321334912
7 2.39334699771e-05
8 -0.000122398788949
9 -6.56945510935e-05
10 -6.26154969933e-05
11 -0.000139740416947
12 -8.00861372741e-05
13 -1.16699159146e-05
14 -0.000255055023617
15 6.56945428198e-05
16 -0.000232646618877

*ELEMENT_STRESSES
1 8000331.05955
2 3097208.55778
3 -17549285.6188
4 5026017.11563
5 -2727711.74672
6 -33457480.3315
7 5026028.69519
8 -25703745.6794
9 -13795855.7296
10 -13149254.3686
11 -29345487.5588
12 -16818088.8276
13 -2450682.34206
14 -53561554.9595
15 13795853.9921
16 -48855789.9642

*REACTION_FORCES
1 FX = -1750.859380343705
1 FY = 3613.2614419951883
2 FY = 8293.714108667378
3 FY = 6691.496066297004
4 FY = 1996.1294300168504
5 FX = -6779.929523731007
5 FY = -2199.0500222728624
